[01-Dec-2019 22:08:42 Europe/Berlin] wrong account parameters: .balance: 12345679 date: 1234.89 number: 2017-12-31 01:02:03 customer: James Hadley employee: Michael Smithadd 59
[01-Dec-2019 22:20:15 Europe/Berlin] wrong account parameters: .balance: 12345679 date: 1234.89 number: 2017-12-31 01:02:03 customer: James Hadley employee: Michael Smithadd 59
[02-Dec-2019 08:47:29 Europe/Berlin] wrong account parameters: .balance: 1234.89 date: 2017-12-31 01:02:03 number: 3 customer: James Hadley employee: Michael Smithadd 59
[02-Dec-2019 08:51:37 Europe/Berlin] wrong account parameters: .balance: 1234.89 date: 2017-12-31 01:02:03 number: 3 customer: James Hadley employee: Michael Smithadd 59
[02-Dec-2019 08:52:25 Europe/Berlin] Wrong delete index:12345680
[04-Dec-2019 20:36:02 Europe/Berlin] PHP Notice:  Undefined variable: DBH in C:\xampp\htdocs\mywebproject\index.php on line 7
[05-Dec-2019 10:23:05 Europe/Berlin] wrong account parameters: .balance: SELECT * FROM accounts date:  number:  customer: James Hadley employee: Michael Smithadd 59
[05-Dec-2019 10:25:46 Europe/Berlin] undefined rote.  12
[05-Dec-2019 10:27:42 Europe/Berlin] undefined rote.  12
[05-Dec-2019 18:20:00 Europe/Berlin] undefined route.  12
[05-Dec-2019 18:20:20 Europe/Berlin] undefined route.  12
[05-Dec-2019 18:21:08 Europe/Berlin] undefined route.  13
[12-Dec-2019 09:11:21 Europe/Berlin] wrong account parameters: .balance: фыовфрыр date:  number:  customer: James Hadley employee: Michael Smithadd 60
[15-Dec-2019 12:15:14 Europe/Berlin] undefined route.  20
[15-Dec-2019 22:14:29 Europe/Berlin] Login failed. login: ppned@host.com password: 81dc9bdb52d04dc20036dbd8313ed055
[15-Dec-2019 22:25:47 Europe/Berlin] Login failed. login:  password: d41d8cd98f00b204e9800998ecf8427e
[15-Dec-2019 22:42:11 Europe/Berlin] 12345684
[16-Dec-2019 08:58:59 Europe/Berlin] Login failed. login:  password: d41d8cd98f00b204e9800998ecf8427e
[16-Dec-2019 08:59:26 Europe/Berlin] Login failed. login:  password: d41d8cd98f00b204e9800998ecf8427e
[16-Dec-2019 09:01:30 Europe/Berlin] Login failed. login:  password: d41d8cd98f00b204e9800998ecf8427e
[16-Dec-2019 09:01:49 Europe/Berlin] Login failed. login:  password: d41d8cd98f00b204e9800998ecf8427e
[16-Dec-2019 09:02:08 Europe/Berlin] Login failed. login:  password: d41d8cd98f00b204e9800998ecf8427e
[16-Dec-2019 09:02:19 Europe/Berlin] Login failed. login:  password: d41d8cd98f00b204e9800998ecf8427e
[16-Dec-2019 09:06:56 Europe/Berlin] wrong account parameters: .name: Apple LLC address: 372 Clearwater Blvd, Woburn type: Entityadd 35
[16-Dec-2019 09:13:11 Europe/Berlin] wrong account parameters: .name: Susan Barker position: Vice President chief: Michael Smith branch: 3882 Main st.add 50
[16-Dec-2019 09:14:34 Europe/Berlin] wrong account parameters: .name: Susan Barker position: Vice President chief: Michael Smith branch: 3882 Main st.add 50
[16-Dec-2019 09:31:31 Europe/Berlin] Login failed. login:  password: d41d8cd98f00b204e9800998ecf8427e
[16-Dec-2019 09:31:48 Europe/Berlin] Login failed. login:  password: d41d8cd98f00b204e9800998ecf8427e
[16-Dec-2019 11:18:28 Europe/Berlin] Login failed. login:  password: d41d8cd98f00b204e9800998ecf8427e
[16-Dec-2019 11:18:30 Europe/Berlin] Login failed. login:  password: d41d8cd98f00b204e9800998ecf8427e
[16-Dec-2019 11:18:34 Europe/Berlin] Login failed. login:  password: d41d8cd98f00b204e9800998ecf8427e
[16-Dec-2019 11:33:09 Europe/Berlin] Login failed. login:  password: d41d8cd98f00b204e9800998ecf8427e
[16-Dec-2019 11:37:03 Europe/Berlin] Login failed. login:  password: d41d8cd98f00b204e9800998ecf8427e
[16-Dec-2019 11:37:39 Europe/Berlin] 12345686
[16-Dec-2019 11:37:46 Europe/Berlin] Login failed. login:  password: d41d8cd98f00b204e9800998ecf8427e
[16-Dec-2019 11:38:05 Europe/Berlin] Login failed. login:  password: d41d8cd98f00b204e9800998ecf8427e
[23-Dec-2019 23:04:39 Europe/Berlin] 12345678
[23-Dec-2019 23:39:14 Europe/Berlin] Login failed. login:  password: d41d8cd98f00b204e9800998ecf8427e
[23-Dec-2019 23:45:18 Europe/Berlin] Login failed. login:  password: d41d8cd98f00b204e9800998ecf8427e
[23-Dec-2019 23:52:05 Europe/Berlin] Login failed. login:  password: d41d8cd98f00b204e9800998ecf8427e
[24-Dec-2019 00:05:33 Europe/Berlin] Login failed. login:  password: d41d8cd98f00b204e9800998ecf8427e
[24-Dec-2019 07:18:52 Europe/Berlin] Login failed. login:  password: d41d8cd98f00b204e9800998ecf8427e
[25-Dec-2019 17:00:03 Europe/Berlin] wrong account parameters: .balance: hello date:  number:  customer: James Hadley employee: Michael Smithadd 57
[25-Dec-2019 17:37:18 Europe/Berlin] PHP Notice:  Undefined variable: _SESSION in C:\xampp\htdocs\mywebproject\configs\config.php on line 54
[25-Dec-2019 17:37:31 Europe/Berlin] PHP Notice:  Undefined variable: _SESSION in C:\xampp\htdocs\mywebproject\configs\config.php on line 54
[25-Dec-2019 17:37:31 Europe/Berlin] PHP Notice:  Undefined index: access in C:\xampp\htdocs\mywebproject\controllers\userController.php on line 62
[25-Dec-2019 17:37:31 Europe/Berlin] PHP Notice:  Undefined variable: _SESSION in C:\xampp\htdocs\mywebproject\configs\config.php on line 54
[25-Dec-2019 19:01:10 Europe/Berlin] Login failed. login:  password: d41d8cd98f00b204e9800998ecf8427e
[25-Dec-2019 19:06:24 Europe/Berlin] Login failed. login:  password: d41d8cd98f00b204e9800998ecf8427e
